<?xml version="1.0" encoding="UTF-8"?>
<testng-results skipped="0" failed="0" total="1" passed="1">
  <reporter-output>
  </reporter-output>
  <suite name="Suite" duration-ms="17666" started-at="2019-01-18T17:05:11Z" finished-at="2019-01-18T17:05:29Z">
    <groups>
    </groups>
    <test name="Test" duration-ms="17666" started-at="2019-01-18T17:05:11Z" finished-at="2019-01-18T17:05:29Z">
      <class name="TestFramework.AccessHQAPITest">
        <test-method status="PASS" signature="getStationAPITest()" name="getStationAPITest" duration-ms="17646" started-at="2019-01-18T17:05:11Z" finished-at="2019-01-18T17:05:29Z">
        </test-method>
      </class>
    </test>
  </suite>
</testng-results>
