<?xml version="1.0" encoding="UTF-8"?>
<testng-results skipped="0" failed="0" total="1" passed="1">
  <reporter-output>
  </reporter-output>
  <suite name="Default suite" duration-ms="38929" started-at="2019-01-21T08:50:03Z" finished-at="2019-01-21T08:50:42Z">
    <groups>
    </groups>
    <test name="Default test" duration-ms="38929" started-at="2019-01-21T08:50:03Z" finished-at="2019-01-21T08:50:42Z">
      <class name="TestFramework.PerformaceTest">
        <test-method status="PASS" signature="getData()" name="getData" is-config="true" duration-ms="13" started-at="2019-01-21T08:50:03Z" finished-at="2019-01-21T08:50:03Z">
        </test-method>
        <test-method status="PASS" signature="beforeClass()" name="beforeClass" is-config="true" duration-ms="833" started-at="2019-01-21T08:50:03Z" finished-at="2019-01-21T08:50:04Z">
        </test-method>
        <test-method status="PASS" signature="apiPerformanceTest()" name="apiPerformanceTest" duration-ms="38066" started-at="2019-01-21T08:50:04Z" finished-at="2019-01-21T08:50:42Z">
        </test-method>
      </class>
    </test>
  </suite>
</testng-results>
