<?xml version="1.0" encoding="UTF-8"?>
<testng-results skipped="0" failed="0" total="2" passed="2">
  <reporter-output>
  </reporter-output>
  <suite name="Default suite" duration-ms="12768" started-at="2019-01-21T02:57:35Z" finished-at="2019-01-21T02:57:47Z">
    <groups>
    </groups>
    <test name="Default test" duration-ms="12768" started-at="2019-01-21T02:57:35Z" finished-at="2019-01-21T02:57:47Z">
      <class name="TestFramework.WeatherBitAPITest">
        <test-method status="PASS" signature="getData()" name="getData" is-config="true" duration-ms="23" started-at="2019-01-21T02:57:35Z" finished-at="2019-01-21T02:57:35Z">
        </test-method>
        <test-method status="PASS" signature="getCurrentDataTest()" name="getCurrentDataTest" duration-ms="8895" started-at="2019-01-21T02:57:35Z" finished-at="2019-01-21T02:57:44Z">
        </test-method>
        <test-method status="PASS" signature="getHourlyForcastTest()" name="getHourlyForcastTest" duration-ms="3815" started-at="2019-01-21T02:57:44Z" finished-at="2019-01-21T02:57:47Z">
        </test-method>
      </class>
    </test>
  </suite>
</testng-results>
